[DEBUG]: 2022-06-15 16:29:54,356:
Starting new HTTPS connection (1): www.delfi.lt:443
----
[DEBUG]: 2022-06-15 16:29:54,397:
https://www.delfi.lt:443 "GET /news/daily/world/putinui-xi-jinpingo-pazadas.d?id=90495037 HTTP/1.1" 200 19545
----
[DEBUG]: 2022-06-15 16:29:54,441:
Starting new HTTPS connection (1): www.delfi.lt:443
----
[DEBUG]: 2022-06-15 16:29:54,466:
https://www.delfi.lt:443 "GET /news/daily/world/ukrainieciu-ziniasklaidoje-pasirode-informacija-neva-putinas-paniro-i-koma.d?id=90490563 HTTP/1.1" 200 21739
----
[DEBUG]: 2022-06-15 16:29:54,497:
Starting new HTTPS connection (1): www.delfi.lt:443
----
[DEBUG]: 2022-06-15 16:29:54,516:
https://www.delfi.lt:443 "GET /news/ringas/lit/rimvydas-valatka-putino-tikslas-ukraina-isdeginta-ir-iszudyta.d?id=90465131 HTTP/1.1" 200 23712
----
[DEBUG]: 2022-06-15 16:29:54,539:
Starting new HTTPS connection (1): www.delfi.lt:443
----
[DEBUG]: 2022-06-15 16:29:54,561:
https://www.delfi.lt:443 "GET /news/daily/world/ukrainieciu-ziniasklaidoje-pasirode-informacija-neva-putinas-paniro-i-koma.d?id=90490563 HTTP/1.1" 200 21739
----
[DEBUG]: 2022-06-15 16:29:54,584:
Starting new HTTPS connection (1): www.delfi.lt:443
----
[DEBUG]: 2022-06-15 16:29:54,606:
https://www.delfi.lt:443 "GET /news/daily/world/putinui-xi-jinpingo-pazadas.d?id=90495037 HTTP/1.1" 200 19545
----
[DEBUG]: 2022-06-15 16:31:23,181:
Starting new HTTPS connection (1): www.pornhub.com:443
----
[DEBUG]: 2022-06-15 16:31:23,348:
https://www.pornhub.com:443 "GET / HTTP/1.1" 200 None
----
[DEBUG]: 2022-06-15 16:31:23,484:
Starting new HTTPS connection (1): www.pornhub.com:443
----
[DEBUG]: 2022-06-15 16:31:23,635:
https://www.pornhub.com:443 "GET / HTTP/1.1" 200 None
----
[DEBUG]: 2022-06-15 16:31:25,997:
Starting new HTTPS connection (1): www.pornhub.com:443
----
[DEBUG]: 2022-06-15 16:31:26,154:
https://www.pornhub.com:443 "GET /video?page=2 HTTP/1.1" 200 None
----
[DEBUG]: 2022-06-15 16:31:26,429:
Starting new HTTPS connection (1): www.pornhub.com:443
----
[DEBUG]: 2022-06-15 16:31:26,576:
https://www.pornhub.com:443 "GET /video?page=2 HTTP/1.1" 200 None
----
[DEBUG]: 2022-06-15 16:31:46,028:
Starting new HTTPS connection (1): www.pornhub.com:443
----
[DEBUG]: 2022-06-15 16:31:46,186:
https://www.pornhub.com:443 "GET /video?page=3 HTTP/1.1" 200 None
----
[DEBUG]: 2022-06-15 16:31:46,344:
Starting new HTTPS connection (1): www.pornhub.com:443
----
[DEBUG]: 2022-06-15 16:31:46,492:
https://www.pornhub.com:443 "GET /video?page=3 HTTP/1.1" 200 None
----
