[DEBUG]: 2022-06-15 11:59:50,733:
Starting new HTTPS connection (1): www.pornhub.com:443
----
[DEBUG]: 2022-06-15 11:59:50,897:
https://www.pornhub.com:443 "GET / HTTP/1.1" 200 None
----
[DEBUG]: 2022-06-15 11:59:51,072:
Starting new HTTPS connection (1): www.pornhub.com:443
----
[DEBUG]: 2022-06-15 11:59:51,210:
https://www.pornhub.com:443 "GET / HTTP/1.1" 200 None
----
[DEBUG]: 2022-06-15 11:59:51,368:
Starting new HTTPS connection (1): www.pornhub.com:443
----
[DEBUG]: 2022-06-15 11:59:51,510:
https://www.pornhub.com:443 "GET /video?page=2 HTTP/1.1" 200 None
----
[DEBUG]: 2022-06-15 12:02:03,056:
Starting new HTTPS connection (1): www.pornhub.com:443
----
[DEBUG]: 2022-06-15 12:02:03,206:
https://www.pornhub.com:443 "GET / HTTP/1.1" 200 None
----
[DEBUG]: 2022-06-15 12:02:03,354:
Starting new HTTPS connection (1): www.pornhub.com:443
----
[DEBUG]: 2022-06-15 12:02:03,491:
https://www.pornhub.com:443 "GET / HTTP/1.1" 200 None
----
[DEBUG]: 2022-06-15 12:02:03,642:
Starting new HTTPS connection (1): www.pornhub.com:443
----
[DEBUG]: 2022-06-15 12:02:03,789:
https://www.pornhub.com:443 "GET /video?page=2 HTTP/1.1" 200 None
----
[DEBUG]: 2022-06-15 12:03:55,899:
Starting new HTTPS connection (1): www.pornhub.com:443
----
[DEBUG]: 2022-06-15 12:03:56,092:
https://www.pornhub.com:443 "GET / HTTP/1.1" 200 None
----
[DEBUG]: 2022-06-15 12:03:56,236:
Starting new HTTPS connection (1): www.pornhub.com:443
----
[DEBUG]: 2022-06-15 12:03:56,381:
https://www.pornhub.com:443 "GET / HTTP/1.1" 200 None
----
[DEBUG]: 2022-06-15 12:03:56,525:
Starting new HTTPS connection (1): www.pornhub.com:443
----
[DEBUG]: 2022-06-15 12:03:56,664:
https://www.pornhub.com:443 "GET /video?page=2 HTTP/1.1" 200 None
----
[DEBUG]: 2022-06-15 12:05:57,022:
Starting new HTTPS connection (1): www.pornhub.com:443
----
[DEBUG]: 2022-06-15 12:05:57,162:
https://www.pornhub.com:443 "GET / HTTP/1.1" 200 None
----
[DEBUG]: 2022-06-15 12:05:57,313:
Starting new HTTPS connection (1): www.pornhub.com:443
----
[DEBUG]: 2022-06-15 12:05:57,456:
https://www.pornhub.com:443 "GET / HTTP/1.1" 200 None
----
[DEBUG]: 2022-06-15 12:05:57,624:
Starting new HTTPS connection (1): www.pornhub.com:443
----
[DEBUG]: 2022-06-15 12:05:57,753:
https://www.pornhub.com:443 "GET /video?page=2 HTTP/1.1" 200 None
----
[DEBUG]: 2022-06-15 12:08:03,194:
Starting new HTTPS connection (1): www.pornhub.com:443
----
[DEBUG]: 2022-06-15 12:08:03,337:
https://www.pornhub.com:443 "GET / HTTP/1.1" 200 None
----
[DEBUG]: 2022-06-15 12:08:03,479:
Starting new HTTPS connection (1): www.pornhub.com:443
----
[DEBUG]: 2022-06-15 12:08:03,621:
https://www.pornhub.com:443 "GET / HTTP/1.1" 200 None
----
[DEBUG]: 2022-06-15 12:08:03,772:
Starting new HTTPS connection (1): www.pornhub.com:443
----
[DEBUG]: 2022-06-15 12:08:04,004:
https://www.pornhub.com:443 "GET /video?page=2 HTTP/1.1" 200 None
----
[DEBUG]: 2022-06-15 12:08:36,887:
Starting new HTTPS connection (1): www.pornhub.com:443
----
[DEBUG]: 2022-06-15 12:08:37,052:
https://www.pornhub.com:443 "GET / HTTP/1.1" 200 None
----
[DEBUG]: 2022-06-15 12:08:37,201:
Starting new HTTPS connection (1): www.pornhub.com:443
----
[DEBUG]: 2022-06-15 12:08:37,342:
https://www.pornhub.com:443 "GET / HTTP/1.1" 200 None
----
[DEBUG]: 2022-06-15 12:08:37,488:
Starting new HTTPS connection (1): www.pornhub.com:443
----
[DEBUG]: 2022-06-15 12:08:37,643:
https://www.pornhub.com:443 "GET /video?page=2 HTTP/1.1" 200 None
----
[DEBUG]: 2022-06-15 12:09:10,658:
Starting new HTTPS connection (1): www.pornhub.com:443
----
[DEBUG]: 2022-06-15 12:09:10,847:
https://www.pornhub.com:443 "GET / HTTP/1.1" 200 None
----
[DEBUG]: 2022-06-15 12:09:10,986:
Starting new HTTPS connection (1): www.pornhub.com:443
----
[DEBUG]: 2022-06-15 12:09:11,126:
https://www.pornhub.com:443 "GET / HTTP/1.1" 200 None
----
[DEBUG]: 2022-06-15 12:09:11,295:
Starting new HTTPS connection (1): www.pornhub.com:443
----
[DEBUG]: 2022-06-15 12:09:11,426:
https://www.pornhub.com:443 "GET /video?page=2 HTTP/1.1" 200 None
----
[DEBUG]: 2022-06-15 12:10:14,844:
Starting new HTTPS connection (1): www.pornhub.com:443
----
[DEBUG]: 2022-06-15 12:10:15,008:
https://www.pornhub.com:443 "GET / HTTP/1.1" 200 None
----
[DEBUG]: 2022-06-15 12:10:15,213:
Starting new HTTPS connection (1): www.pornhub.com:443
----
[DEBUG]: 2022-06-15 12:10:15,362:
https://www.pornhub.com:443 "GET / HTTP/1.1" 200 None
----
[DEBUG]: 2022-06-15 12:10:15,523:
Starting new HTTPS connection (1): www.pornhub.com:443
----
[DEBUG]: 2022-06-15 12:10:15,661:
https://www.pornhub.com:443 "GET /video?page=2 HTTP/1.1" 200 None
----
[DEBUG]: 2022-06-15 12:10:31,231:
Starting new HTTPS connection (1): www.pornhub.com:443
----
[DEBUG]: 2022-06-15 12:10:31,388:
https://www.pornhub.com:443 "GET / HTTP/1.1" 200 None
----
[DEBUG]: 2022-06-15 12:10:31,536:
Starting new HTTPS connection (1): www.pornhub.com:443
----
[DEBUG]: 2022-06-15 12:10:31,681:
https://www.pornhub.com:443 "GET / HTTP/1.1" 200 None
----
[DEBUG]: 2022-06-15 12:10:31,849:
Starting new HTTPS connection (1): www.pornhub.com:443
----
[DEBUG]: 2022-06-15 12:10:31,979:
https://www.pornhub.com:443 "GET /video?page=2 HTTP/1.1" 200 None
----
[DEBUG]: 2022-06-15 12:11:39,265:
Starting new HTTPS connection (1): www.pornhub.com:443
----
[DEBUG]: 2022-06-15 12:11:39,418:
https://www.pornhub.com:443 "GET / HTTP/1.1" 200 None
----
[DEBUG]: 2022-06-15 12:11:39,565:
Starting new HTTPS connection (1): www.pornhub.com:443
----
[DEBUG]: 2022-06-15 12:11:39,717:
https://www.pornhub.com:443 "GET / HTTP/1.1" 200 None
----
[DEBUG]: 2022-06-15 12:11:39,964:
Starting new HTTPS connection (1): www.pornhub.com:443
----
[DEBUG]: 2022-06-15 12:11:40,111:
https://www.pornhub.com:443 "GET /video?page=2 HTTP/1.1" 200 None
----
[DEBUG]: 2022-06-15 12:11:52,371:
Starting new HTTPS connection (1): www.pornhub.com:443
----
[DEBUG]: 2022-06-15 12:11:52,519:
https://www.pornhub.com:443 "GET / HTTP/1.1" 200 None
----
[DEBUG]: 2022-06-15 12:11:52,669:
Starting new HTTPS connection (1): www.pornhub.com:443
----
[DEBUG]: 2022-06-15 12:11:52,853:
https://www.pornhub.com:443 "GET / HTTP/1.1" 200 None
----
[DEBUG]: 2022-06-15 12:11:52,985:
Starting new HTTPS connection (1): www.pornhub.com:443
----
[DEBUG]: 2022-06-15 12:11:53,135:
https://www.pornhub.com:443 "GET /video?page=2 HTTP/1.1" 200 None
----
[DEBUG]: 2022-06-15 12:12:09,580:
Starting new HTTPS connection (1): www.pornhub.com:443
----
[DEBUG]: 2022-06-15 12:12:09,723:
https://www.pornhub.com:443 "GET / HTTP/1.1" 200 None
----
[DEBUG]: 2022-06-15 12:12:09,876:
Starting new HTTPS connection (1): www.pornhub.com:443
----
[DEBUG]: 2022-06-15 12:12:10,025:
https://www.pornhub.com:443 "GET / HTTP/1.1" 200 None
----
[DEBUG]: 2022-06-15 12:12:10,196:
Starting new HTTPS connection (1): www.pornhub.com:443
----
[DEBUG]: 2022-06-15 12:12:10,328:
https://www.pornhub.com:443 "GET /video?page=2 HTTP/1.1" 200 None
----
[DEBUG]: 2022-06-15 12:12:32,953:
Starting new HTTPS connection (1): www.pornhub.com:443
----
[DEBUG]: 2022-06-15 12:12:33,153:
https://www.pornhub.com:443 "GET / HTTP/1.1" 200 None
----
[DEBUG]: 2022-06-15 12:12:33,303:
Starting new HTTPS connection (1): www.pornhub.com:443
----
[DEBUG]: 2022-06-15 12:12:33,451:
https://www.pornhub.com:443 "GET / HTTP/1.1" 200 None
----
[DEBUG]: 2022-06-15 12:12:33,591:
Starting new HTTPS connection (1): www.pornhub.com:443
----
[DEBUG]: 2022-06-15 12:12:33,722:
https://www.pornhub.com:443 "GET /video?page=2 HTTP/1.1" 200 None
----
[DEBUG]: 2022-06-15 12:13:00,710:
Starting new HTTPS connection (1): www.pornhub.com:443
----
[DEBUG]: 2022-06-15 12:13:00,871:
https://www.pornhub.com:443 "GET / HTTP/1.1" 200 None
----
[DEBUG]: 2022-06-15 12:13:01,014:
Starting new HTTPS connection (1): www.pornhub.com:443
----
[DEBUG]: 2022-06-15 12:13:01,182:
https://www.pornhub.com:443 "GET / HTTP/1.1" 200 None
----
[DEBUG]: 2022-06-15 12:13:01,349:
Starting new HTTPS connection (1): www.pornhub.com:443
----
[DEBUG]: 2022-06-15 12:13:01,524:
https://www.pornhub.com:443 "GET /video?page=2 HTTP/1.1" 200 None
----
[DEBUG]: 2022-06-15 12:13:20,027:
Starting new HTTPS connection (1): www.pornhub.com:443
----
[DEBUG]: 2022-06-15 12:13:20,186:
https://www.pornhub.com:443 "GET / HTTP/1.1" 200 None
----
[DEBUG]: 2022-06-15 12:13:20,358:
Starting new HTTPS connection (1): www.pornhub.com:443
----
[DEBUG]: 2022-06-15 12:13:20,501:
https://www.pornhub.com:443 "GET / HTTP/1.1" 200 None
----
[DEBUG]: 2022-06-15 12:13:20,656:
Starting new HTTPS connection (1): www.pornhub.com:443
----
[DEBUG]: 2022-06-15 12:13:20,802:
https://www.pornhub.com:443 "GET /video?page=2 HTTP/1.1" 200 None
----
[DEBUG]: 2022-06-15 12:13:23,327:
Starting new HTTPS connection (1): www.pornhub.com:443
----
[DEBUG]: 2022-06-15 12:13:23,506:
https://www.pornhub.com:443 "GET / HTTP/1.1" 200 None
----
[DEBUG]: 2022-06-15 12:13:23,651:
Starting new HTTPS connection (1): www.pornhub.com:443
----
[DEBUG]: 2022-06-15 12:13:23,852:
https://www.pornhub.com:443 "GET / HTTP/1.1" 200 None
----
[DEBUG]: 2022-06-15 12:13:24,025:
Starting new HTTPS connection (1): www.pornhub.com:443
----
[DEBUG]: 2022-06-15 12:13:24,164:
https://www.pornhub.com:443 "GET /video?page=2 HTTP/1.1" 200 None
----
[DEBUG]: 2022-06-15 12:13:27,802:
Starting new HTTPS connection (1): www.pornhub.com:443
----
[DEBUG]: 2022-06-15 12:13:27,967:
https://www.pornhub.com:443 "GET / HTTP/1.1" 200 None
----
[DEBUG]: 2022-06-15 12:13:28,193:
Starting new HTTPS connection (1): www.pornhub.com:443
----
[DEBUG]: 2022-06-15 12:13:28,391:
https://www.pornhub.com:443 "GET / HTTP/1.1" 200 None
----
[DEBUG]: 2022-06-15 12:13:28,556:
Starting new HTTPS connection (1): www.pornhub.com:443
----
[DEBUG]: 2022-06-15 12:13:28,685:
https://www.pornhub.com:443 "GET /video?page=2 HTTP/1.1" 200 None
----
[DEBUG]: 2022-06-15 12:13:40,993:
Starting new HTTPS connection (1): www.pornhub.com:443
----
[DEBUG]: 2022-06-15 12:13:41,214:
https://www.pornhub.com:443 "GET / HTTP/1.1" 200 None
----
[DEBUG]: 2022-06-15 12:13:41,432:
Starting new HTTPS connection (1): www.pornhub.com:443
----
[DEBUG]: 2022-06-15 12:13:41,583:
https://www.pornhub.com:443 "GET / HTTP/1.1" 200 None
----
[DEBUG]: 2022-06-15 12:13:41,725:
Starting new HTTPS connection (1): www.pornhub.com:443
----
[DEBUG]: 2022-06-15 12:13:41,854:
https://www.pornhub.com:443 "GET /video?page=2 HTTP/1.1" 200 None
----
[DEBUG]: 2022-06-15 12:13:45,807:
Starting new HTTPS connection (1): www.pornhub.com:443
----
[DEBUG]: 2022-06-15 12:13:45,962:
https://www.pornhub.com:443 "GET / HTTP/1.1" 200 None
----
[DEBUG]: 2022-06-15 12:13:46,109:
Starting new HTTPS connection (1): www.pornhub.com:443
----
[DEBUG]: 2022-06-15 12:13:46,315:
https://www.pornhub.com:443 "GET / HTTP/1.1" 200 None
----
[DEBUG]: 2022-06-15 12:13:46,482:
Starting new HTTPS connection (1): www.pornhub.com:443
----
[DEBUG]: 2022-06-15 12:13:46,622:
https://www.pornhub.com:443 "GET /video?page=2 HTTP/1.1" 200 None
----
[DEBUG]: 2022-06-15 12:13:49,095:
Starting new HTTPS connection (1): www.pornhub.com:443
----
[DEBUG]: 2022-06-15 12:13:49,262:
https://www.pornhub.com:443 "GET / HTTP/1.1" 200 None
----
[DEBUG]: 2022-06-15 12:13:49,405:
Starting new HTTPS connection (1): www.pornhub.com:443
----
[DEBUG]: 2022-06-15 12:13:49,609:
https://www.pornhub.com:443 "GET / HTTP/1.1" 200 None
----
[DEBUG]: 2022-06-15 12:13:49,762:
Starting new HTTPS connection (1): www.pornhub.com:443
----
[DEBUG]: 2022-06-15 12:13:49,899:
https://www.pornhub.com:443 "GET /video?page=2 HTTP/1.1" 200 None
----
[DEBUG]: 2022-06-15 12:13:57,981:
Starting new HTTPS connection (1): www.pornhub.com:443
----
[DEBUG]: 2022-06-15 12:13:58,133:
https://www.pornhub.com:443 "GET / HTTP/1.1" 200 None
----
[DEBUG]: 2022-06-15 12:13:58,294:
Starting new HTTPS connection (1): www.pornhub.com:443
----
[DEBUG]: 2022-06-15 12:13:58,445:
https://www.pornhub.com:443 "GET / HTTP/1.1" 200 None
----
[DEBUG]: 2022-06-15 12:13:58,576:
Starting new HTTPS connection (1): www.pornhub.com:443
----
[DEBUG]: 2022-06-15 12:13:58,714:
https://www.pornhub.com:443 "GET /video?page=2 HTTP/1.1" 200 None
----
